----------------------------------------------------------------------------------------------
      name:  <unnamed>
       log:  C:\Users\c1mep01\OneDrive - FR Banks\madison_cps\do\ctc_and_lfpr\panel_regresults
> _2.log
  log type:  text
 opened on:   3 Apr 2023, 17:27:51

. do "C:\Users\c1mep01\AppData\Local\Temp\STD568c_000000.tmp"

. 
. 
. xtreg LF (postctc##haskid)#i.income_cat, fe 
note: 1.postctc#2.income_cat omitted because of collinearity.
note: 1.postctc#3.income_cat omitted because of collinearity.
note: 1.postctc#4.income_cat omitted because of collinearity.
note: 1.postctc#5.income_cat omitted because of collinearity.
note: 1.haskid#2.income_cat omitted because of collinearity.
note: 1.haskid#3.income_cat omitted because of collinearity.
note: 1.haskid#4.income_cat omitted because of collinearity.
note: 1.haskid#5.income_cat omitted because of collinearity.

Fixed-effects (within) regression               Number of obs     =     21,887
Group variable: panelid                         Number of groups  =      6,159

R-squared:                                      Obs per group:
     Within  = 0.0019                                         min =          1
     Between = 0.0059                                         avg =        3.6
     Overall = 0.0048                                         max =          4

                                                F(15,15713)       =       2.01
corr(u_i, Xb) = -0.0311                         Prob > F          =     0.0114

-------------------------------------------------------------------------------------------
                       LF | Coefficient  Std. err.      t    P>|t|     [95% conf. interval]
--------------------------+----------------------------------------------------------------
       postctc#income_cat |
       0#$25,000-$49,000  |      -.045   .0127411    -3.53   0.000    -.0699741   -.0200259
       0#$50,000-$99,999  |   .0032782   .0079575     0.41   0.680    -.0123195    .0188758
     0#$100,000-$149,999  |   .0129535   .0080752     1.60   0.109    -.0028749    .0287819
             0#$150,000+  |   .0007711   .0047512     0.16   0.871    -.0085418     .010084
         1#up to $24,999  |  -.0035389   .0069657    -0.51   0.611    -.0171925    .0101147
       1#$25,000-$49,000  |          0  (omitted)
       1#$50,000-$99,999  |          0  (omitted)
     1#$100,000-$149,999  |          0  (omitted)
             1#$150,000+  |          0  (omitted)
                          |
        haskid#income_cat |
       0#$25,000-$49,000  |   .2088376   .0847356     2.46   0.014     .0427462    .3749291
       0#$50,000-$99,999  |   .0786043   .0560192     1.40   0.161    -.0311997    .1884084
     0#$100,000-$149,999  |   .0176249   .0439971     0.40   0.689    -.0686145    .1038642
             0#$150,000+  |   .0458785   .0388163     1.18   0.237    -.0302059     .121963
         1#up to $24,999  |   .0290084   .0663977     0.44   0.662    -.1011387    .1591555
       1#$25,000-$49,000  |          0  (omitted)
       1#$50,000-$99,999  |          0  (omitted)
     1#$100,000-$149,999  |          0  (omitted)
             1#$150,000+  |          0  (omitted)
                          |
postctc#haskid#income_cat |
       1#1#up to $24,999  |   .0227674   .0138784     1.64   0.101    -.0044358    .0499706
     1#1#$25,000-$49,000  |  -.0572401   .0199245    -2.87   0.004    -.0962945   -.0181857
     1#1#$50,000-$99,999  |   .0021858   .0133417     0.16   0.870    -.0239655    .0283371
   1#1#$100,000-$149,999  |    .015065   .0131363     1.15   0.251    -.0106836    .0408136
           1#1#$150,000+  |    .000029   .0069725     0.00   0.997    -.0136379    .0136959
                          |
                    _cons |   .7226168   .0131752    54.85   0.000     .6967919    .7484418
--------------------------+----------------------------------------------------------------
                  sigma_u |  .40805439
                  sigma_e |  .17371557
                      rho |   .8465718   (fraction of variance due to u_i)
-------------------------------------------------------------------------------------------
F test that all u_i=0: F(6158, 15713) = 16.59                Prob > F = 0.0000

. 
. xtreg LF (postctc##hasyoungkid)#i.income_cat, fe 
note: 1.postctc#2.income_cat omitted because of collinearity.
note: 1.postctc#3.income_cat omitted because of collinearity.
note: 1.postctc#4.income_cat omitted because of collinearity.
note: 1.postctc#5.income_cat omitted because of collinearity.
note: 1.hasyoungkid#2.income_cat omitted because of collinearity.
note: 1.hasyoungkid#3.income_cat omitted because of collinearity.
note: 1.hasyoungkid#4.income_cat omitted because of collinearity.
note: 1.hasyoungkid#5.income_cat omitted because of collinearity.

Fixed-effects (within) regression               Number of obs     =     21,887
Group variable: panelid                         Number of groups  =      6,159

R-squared:                                      Obs per group:
     Within  = 0.0032                                         min =          1
     Between = 0.0063                                         avg =        3.6
     Overall = 0.0078                                         max =          4

                                                F(15,15713)       =       3.37
corr(u_i, Xb) = -0.1759                         Prob > F          =     0.0000

----------------------------------------------------------------------------------------
                    LF | Coefficient  Std. err.      t    P>|t|     [95% conf. interval]
-----------------------+----------------------------------------------------------------
    postctc#income_cat |
    0#$25,000-$49,000  |  -.0310366   .0105946    -2.93   0.003    -.0518033     -.01027
    0#$50,000-$99,999  |   .0025992   .0068557     0.38   0.705    -.0108387     .016037
  0#$100,000-$149,999  |   .0147718   .0069065     2.14   0.032     .0012344    .0283093
          0#$150,000+  |   .0005003   .0038536     0.13   0.897    -.0070532    .0080538
      1#up to $24,999  |  -.0033076   .0063146    -0.52   0.600    -.0156849    .0090697
    1#$25,000-$49,000  |          0  (omitted)
    1#$50,000-$99,999  |          0  (omitted)
  1#$100,000-$149,999  |          0  (omitted)
          1#$150,000+  |          0  (omitted)
                       |
hasyoungkid#income_cat |
    0#$25,000-$49,000  |  -.4197823   .0825724    -5.08   0.000    -.5816337    -.257931
    0#$50,000-$99,999  |   .0024177    .091962     0.03   0.979    -.1778383    .1826737
  0#$100,000-$149,999  |   .0258675   .0900686     0.29   0.774    -.1506773    .2024123
          0#$150,000+  |   .0574351    .035113     1.64   0.102    -.0113905    .1262607
      1#up to $24,999  |  -.0208146   .1160893    -0.18   0.858     -.248363    .2067338
    1#$25,000-$49,000  |          0  (omitted)
    1#$50,000-$99,999  |          0  (omitted)
  1#$100,000-$149,999  |          0  (omitted)
          1#$150,000+  |          0  (omitted)
                       |
   postctc#hasyoungkid#|
            income_cat |
    1#1#up to $24,999  |   .0558286   .0204881     2.72   0.006     .0156695    .0959877
  1#1#$25,000-$49,000  |   -.029748   .0284837    -1.04   0.296    -.0855793    .0260834
  1#1#$50,000-$99,999  |   .0025983   .0184975     0.14   0.888     -.033659    .0388555
1#1#$100,000-$149,999  |   .0480589   .0172772     2.78   0.005     .0141937    .0819242
        1#1#$150,000+  |  -.0016158    .008903    -0.18   0.856    -.0190667    .0158351
                       |
                 _cons |   .7499373   .0217581    34.47   0.000     .7072889    .7925856
-----------------------+----------------------------------------------------------------
               sigma_u |  .41618567
               sigma_e |  .17360286
                   rho |  .85179159   (fraction of variance due to u_i)
----------------------------------------------------------------------------------------
F test that all u_i=0: F(6158, 15713) = 16.54                Prob > F = 0.0000

. 
. 
. xtreg LF postctc##haskid##woman if income_cat==1, fe 

Fixed-effects (within) regression               Number of obs     =      3,632
Group variable: panelid                         Number of groups  =      1,065

R-squared:                                      Obs per group:
     Within  = 0.0027                                         min =          1
     Between = 0.0119                                         avg =        3.4
     Overall = 0.0119                                         max =          4

                                                F(7,2560)         =       0.99
corr(u_i, Xb) = -0.3556                         Prob > F          =     0.4375

--------------------------------------------------------------------------------------
                  LF | Coefficient  Std. err.      t    P>|t|     [95% conf. interval]
---------------------+----------------------------------------------------------------
           1.postctc |   .0047458   .0103433     0.46   0.646    -.0155362    .0250279
            1.haskid |   .0610923    .089916     0.68   0.497    -.1152232    .2374079
                     |
      postctc#haskid |
                1 1  |   .0092907   .0212899     0.44   0.663    -.0324565    .0510378
                     |
             1.woman |    .261628   .1596386     1.64   0.101    -.0514058    .5746619
                     |
       postctc#woman |
                1 1  |   -.017086   .0147699    -1.16   0.247    -.0460481    .0118761
                     |
        haskid#woman |
                1 1  |  -.0763136   .1444442    -0.53   0.597     -.359553    .2069258
                     |
postctc#haskid#woman |
              1 1 1  |   .0269141   .0294575     0.91   0.361    -.0308488     .084677
                     |
               _cons |    .238692   .0831396     2.87   0.004     .0756644    .4017196
---------------------+----------------------------------------------------------------
             sigma_u |  .49218329
             sigma_e |  .18401164
                 rho |  .87736432   (fraction of variance due to u_i)
--------------------------------------------------------------------------------------
F test that all u_i=0: F(1064, 2560) = 20.65                 Prob > F = 0.0000

. xtreg LF postctc##haskid##woman if income_cat==2, fe 

Fixed-effects (within) regression               Number of obs     =      1,436
Group variable: panelid                         Number of groups  =        456

R-squared:                                      Obs per group:
     Within  = 0.0291                                         min =          1
     Between = 0.0146                                         avg =        3.1
     Overall = 0.0091                                         max =          4

                                                F(7,973)          =       4.16
corr(u_i, Xb) = -0.6731                         Prob > F          =     0.0002

--------------------------------------------------------------------------------------
                  LF | Coefficient  Std. err.      t    P>|t|     [95% conf. interval]
---------------------+----------------------------------------------------------------
           1.postctc |   .0689884   .0219901     3.14   0.002     .0258348    .1121419
            1.haskid |  -.3018054    .120901    -2.50   0.013    -.5390622   -.0645486
                     |
      postctc#haskid |
                1 1  |  -.1138445   .0344731    -3.30   0.001    -.1814947   -.0461943
                     |
             1.woman |   .5225934    .202615     2.58   0.010     .1249806    .9202061
                     |
       postctc#woman |
                1 1  |  -.0451867   .0298475    -1.51   0.130    -.1037596    .0133862
                     |
        haskid#woman |
                1 1  |   .2976605   .2094123     1.42   0.156    -.1132913    .7086122
                     |
postctc#haskid#woman |
              1 1 1  |   .1018765   .0466246     2.19   0.029       .01038    .1933729
                     |
               _cons |   .4733512     .11752     4.03   0.000     .2427293    .7039731
---------------------+----------------------------------------------------------------
             sigma_u |  .56811408
             sigma_e |  .20206466
                 rho |   .8877009   (fraction of variance due to u_i)
--------------------------------------------------------------------------------------
F test that all u_i=0: F(455, 973) = 13.60                   Prob > F = 0.0000

. xtreg LF postctc##haskid##woman if income_cat==3, fe 

Fixed-effects (within) regression               Number of obs     =      3,234
Group variable: panelid                         Number of groups  =        937

R-squared:                                      Obs per group:
     Within  = 0.0087                                         min =          1
     Between = 0.0004                                         avg =        3.5
     Overall = 0.0001                                         max =          4

                                                F(7,2290)         =       2.86
corr(u_i, Xb) = -0.2990                         Prob > F          =     0.0057

--------------------------------------------------------------------------------------
                  LF | Coefficient  Std. err.      t    P>|t|     [95% conf. interval]
---------------------+----------------------------------------------------------------
           1.postctc |  -.0116354   .0126377    -0.92   0.357    -.0364179    .0131471
            1.haskid |  -.3343679    .091474    -3.66   0.000    -.5137484   -.1549875
                     |
      postctc#haskid |
                1 1  |   .0035984   .0217509     0.17   0.869    -.0390551    .0462519
                     |
             1.woman |  -.2746731   .1098237    -2.50   0.012    -.4900374   -.0593088
                     |
       postctc#woman |
                1 1  |   .0190621   .0179723     1.06   0.289    -.0161816    .0543058
                     |
        haskid#woman |
                1 1  |   .4391893   .1126717     3.90   0.000     .2182401    .6601385
                     |
postctc#haskid#woman |
              1 1 1  |  -.0058163   .0301793    -0.19   0.847     -.064998    .0533654
                     |
               _cons |    .928446   .0611363    15.19   0.000     .8085576    1.048334
---------------------+----------------------------------------------------------------
             sigma_u |  .41688117
             sigma_e |  .19582622
                 rho |  .81923115   (fraction of variance due to u_i)
--------------------------------------------------------------------------------------
F test that all u_i=0: F(936, 2290) = 14.08                  Prob > F = 0.0000

. xtreg LF postctc##haskid##woman if income_cat==4, fe 

Fixed-effects (within) regression               Number of obs     =      3,207
Group variable: panelid                         Number of groups  =        908

R-squared:                                      Obs per group:
     Within  = 0.0109                                         min =          1
     Between = 0.0102                                         avg =        3.5
     Overall = 0.0115                                         max =          4

                                                F(7,2292)         =       3.60
corr(u_i, Xb) = -0.6139                         Prob > F          =     0.0007

--------------------------------------------------------------------------------------
                  LF | Coefficient  Std. err.      t    P>|t|     [95% conf. interval]
---------------------+----------------------------------------------------------------
           1.postctc |   -.013584   .0111544    -1.22   0.223    -.0354576    .0082897
            1.haskid |   .0582329    .060608     0.96   0.337    -.0606193     .177085
                     |
      postctc#haskid |
                1 1  |   .0251174   .0187111     1.34   0.180     -.011575    .0618098
                     |
             1.woman |  -.5736758   .1612683    -3.56   0.000    -.8899228   -.2574288
                     |
       postctc#woman |
                1 1  |   .0010689   .0159704     0.07   0.947     -.030249    .0323868
                     |
        haskid#woman |
                1 1  |  -.1029842   .0879518    -1.17   0.242    -.2754576    .0694892
                     |
postctc#haskid#woman |
              1 1 1  |  -.0166818   .0260096    -0.64   0.521    -.0676867    .0343231
                     |
               _cons |   1.120704   .0804404    13.93   0.000     .9629607    1.278448
---------------------+----------------------------------------------------------------
             sigma_u |  .44737753
             sigma_e |  .17172467
                 rho |  .87158216   (fraction of variance due to u_i)
--------------------------------------------------------------------------------------
F test that all u_i=0: F(907, 2292) = 14.24                  Prob > F = 0.0000

. xtreg LF postctc##haskid##woman if income_cat==5, fe 

Fixed-effects (within) regression               Number of obs     =     10,378
Group variable: panelid                         Number of groups  =      2,793

R-squared:                                      Obs per group:
     Within  = 0.0008                                         min =          1
     Between = 0.0157                                         avg =        3.7
     Overall = 0.0130                                         max =          4

                                                F(7,7578)         =       0.82
corr(u_i, Xb) = -0.0183                         Prob > F          =     0.5663

--------------------------------------------------------------------------------------
                  LF | Coefficient  Std. err.      t    P>|t|     [95% conf. interval]
---------------------+----------------------------------------------------------------
           1.postctc |   .0021059   .0060825     0.35   0.729    -.0098175    .0140293
            1.haskid |  -.0072382   .0457336    -0.16   0.874    -.0968886    .0824122
                     |
      postctc#haskid |
                1 1  |  -.0012759   .0089824    -0.14   0.887     -.018884    .0163321
                     |
             1.woman |  -.0237596   .0535282    -0.44   0.657    -.1286898    .0811706
                     |
       postctc#woman |
                1 1  |  -.0059145   .0086802    -0.68   0.496    -.0229301     .011101
                     |
        haskid#woman |
                1 1  |  -.0805987    .057846    -1.39   0.164    -.1939928    .0327954
                     |
postctc#haskid#woman |
              1 1 1  |   .0026552   .0127421     0.21   0.835    -.0223228    .0276331
                     |
               _cons |   .9011166   .0318127    28.33   0.000      .838755    .9634783
---------------------+----------------------------------------------------------------
             sigma_u |  .31285247
             sigma_e |  .15842172
                 rho |  .79591281   (fraction of variance due to u_i)
--------------------------------------------------------------------------------------
F test that all u_i=0: F(2792, 7578) = 14.13                 Prob > F = 0.0000

. 
. 
. xtreg LF postctc##hasyoungkid##woman if income_cat==1, fe 

Fixed-effects (within) regression               Number of obs     =      3,632
Group variable: panelid                         Number of groups  =      1,065

R-squared:                                      Obs per group:
     Within  = 0.0042                                         min =          1
     Between = 0.0141                                         avg =        3.4
     Overall = 0.0142                                         max =          4

                                                F(7,2560)         =       1.53
corr(u_i, Xb) = -0.3752                         Prob > F          =     0.1528

-------------------------------------------------------------------------------------------
                       LF | Coefficient  Std. err.      t    P>|t|     [95% conf. interval]
--------------------------+----------------------------------------------------------------
                1.postctc |   .0035026   .0094182     0.37   0.710    -.0149655    .0219707
            1.hasyoungkid |   -.009076   .1507825    -0.06   0.952    -.3047441    .2865921
                          |
      postctc#hasyoungkid |
                     1 1  |   .0342332   .0323358     1.06   0.290    -.0291737    .0976402
                          |
                  1.woman |   .2596015   .1594707     1.63   0.104    -.0531032    .5723062
                          |
            postctc#woman |
                     1 1  |  -.0139695   .0133837    -1.04   0.297    -.0402135    .0122745
                          |
        hasyoungkid#woman |
                     1 1  |  -.0228556   .2607525    -0.09   0.930    -.5341627    .4884516
                          |
postctc#hasyoungkid#woman |
                   1 1 1  |   .0406276     .04364     0.93   0.352    -.0449456    .1262008
                          |
                    _cons |   .2471285   .0817856     3.02   0.003     .0867558    .4075012
--------------------------+----------------------------------------------------------------
                  sigma_u |  .49551423
                  sigma_e |  .18387634
                      rho |  .87896499   (fraction of variance due to u_i)
-------------------------------------------------------------------------------------------
F test that all u_i=0: F(1064, 2560) = 20.79                 Prob > F = 0.0000

. xtreg LF postctc##hasyoungkid##woman if income_cat==2, fe 

Fixed-effects (within) regression               Number of obs     =      1,436
Group variable: panelid                         Number of groups  =        456

R-squared:                                      Obs per group:
     Within  = 0.0397                                         min =          1
     Between = 0.0116                                         avg =        3.1
     Overall = 0.0070                                         max =          4

                                                F(7,973)          =       5.74
corr(u_i, Xb) = -0.6793                         Prob > F          =     0.0000

-------------------------------------------------------------------------------------------
                       LF | Coefficient  Std. err.      t    P>|t|     [95% conf. interval]
--------------------------+----------------------------------------------------------------
                1.postctc |   .0419366   .0182626     2.30   0.022      .006098    .0777752
            1.hasyoungkid |   .2286136   .1226197     1.86   0.063     -.012016    .4692432
                          |
      postctc#hasyoungkid |
                     1 1  |  -.0953835   .0489701    -1.95   0.052    -.1914827    .0007156
                          |
                  1.woman |   .5099433    .201336     2.53   0.011     .1148405     .905046
                          |
            postctc#woman |
                     1 1  |  -.0198866   .0246887    -0.81   0.421    -.0683358    .0285627
                          |
        hasyoungkid#woman |
                     1 1  |   .5012221    .196018     2.56   0.011     .1165553    .8858889
                          |
postctc#hasyoungkid#woman |
                   1 1 1  |    .118834     .06625     1.79   0.073    -.0111754    .2488434
                          |
                    _cons |   .3479534   .1095619     3.18   0.002     .1329485    .5629583
--------------------------+----------------------------------------------------------------
                  sigma_u |  .58014528
                  sigma_e |   .2009572
                      rho |  .89286763   (fraction of variance due to u_i)
-------------------------------------------------------------------------------------------
F test that all u_i=0: F(455, 973) = 13.79                   Prob > F = 0.0000

. xtreg LF postctc##hasyoungkid##woman if income_cat==3, fe 

Fixed-effects (within) regression               Number of obs     =      3,234
Group variable: panelid                         Number of groups  =        937

R-squared:                                      Obs per group:
     Within  = 0.0016                                         min =          1
     Between = 0.0126                                         avg =        3.5
     Overall = 0.0095                                         max =          4

                                                F(7,2290)         =       0.52
corr(u_i, Xb) = -0.0683                         Prob > F          =     0.8211

-------------------------------------------------------------------------------------------
                       LF | Coefficient  Std. err.      t    P>|t|     [95% conf. interval]
--------------------------+----------------------------------------------------------------
                1.postctc |    -.00875   .0111065    -0.79   0.431    -.0305298    .0130298
            1.hasyoungkid |  -.0053037   .1655567    -0.03   0.974    -.3299606    .3193531
                          |
      postctc#hasyoungkid |
                     1 1  |   -.010779   .0296242    -0.36   0.716     -.068872     .047314
                          |
                  1.woman |  -.1470864   .1053453    -1.40   0.163    -.3536686    .0594959
                          |
            postctc#woman |
                     1 1  |   .0129209   .0155563     0.83   0.406    -.0175849    .0434267
                          |
        hasyoungkid#woman |
                     1 1  |   .0067256   .2129255     0.03   0.975    -.4108214    .4242727
                          |
postctc#hasyoungkid#woman |
                   1 1 1  |   .0262615   .0418934     0.63   0.531    -.0558914    .1084144
                          |
                    _cons |   .8278225   .0560057    14.78   0.000     .7179953    .9376498
--------------------------+----------------------------------------------------------------
                  sigma_u |  .39736715
                  sigma_e |  .19652339
                      rho |  .80347532   (fraction of variance due to u_i)
-------------------------------------------------------------------------------------------
F test that all u_i=0: F(936, 2290) = 13.83                  Prob > F = 0.0000

. xtreg LF postctc##hasyoungkid##woman if income_cat==4, fe 

Fixed-effects (within) regression               Number of obs     =      3,207
Group variable: panelid                         Number of groups  =        908

R-squared:                                      Obs per group:
     Within  = 0.0127                                         min =          1
     Between = 0.0096                                         avg =        3.5
     Overall = 0.0112                                         max =          4

                                                F(7,2292)         =       4.22
corr(u_i, Xb) = -0.6360                         Prob > F          =     0.0001

-------------------------------------------------------------------------------------------
                       LF | Coefficient  Std. err.      t    P>|t|     [95% conf. interval]
--------------------------+----------------------------------------------------------------
                1.postctc |  -.0132747    .009677    -1.37   0.170    -.0322513    .0057018
            1.hasyoungkid |  -.0249707   .1150349    -0.22   0.828     -.250554    .2006127
                          |
      postctc#hasyoungkid |
                     1 1  |   .0483625    .024699     1.96   0.050    -.0000722    .0967971
                          |
                  1.woman |  -.6468617   .1443696    -4.48   0.000    -.9299704    -.363753
                          |
            postctc#woman |
                     1 1  |  -.0033223   .0136613    -0.24   0.808     -.030112    .0234675
                          |
        hasyoungkid#woman |
                     1 1  |  -.0021805   .1816612    -0.01   0.990     -.358418     .354057
                          |
postctc#hasyoungkid#woman |
                   1 1 1  |  -.0001032   .0341907    -0.00   0.998    -.0671512    .0669449
                          |
                    _cons |    1.16322   .0745939    15.59   0.000     1.016942    1.309499
--------------------------+----------------------------------------------------------------
                  sigma_u |  .45756602
                  sigma_e |  .17156486
                      rho |  .87674055   (fraction of variance due to u_i)
-------------------------------------------------------------------------------------------
F test that all u_i=0: F(907, 2292) = 14.22                  Prob > F = 0.0000

. xtreg LF postctc##hasyoungkid##woman if income_cat==5, fe 

Fixed-effects (within) regression               Number of obs     =     10,378
Group variable: panelid                         Number of groups  =      2,793

R-squared:                                      Obs per group:
     Within  = 0.0010                                         min =          1
     Between = 0.0067                                         avg =        3.7
     Overall = 0.0059                                         max =          4

                                                F(7,7578)         =       1.03
corr(u_i, Xb) = -0.0362                         Prob > F          =     0.4041

-------------------------------------------------------------------------------------------
                       LF | Coefficient  Std. err.      t    P>|t|     [95% conf. interval]
--------------------------+----------------------------------------------------------------
                1.postctc |   .0029945   .0049536     0.60   0.546     -.006716    .0127049
            1.hasyoungkid |  -.0787722   .0434945    -1.81   0.070    -.1640335    .0064892
                          |
      postctc#hasyoungkid |
                     1 1  |  -.0106499   .0115568    -0.92   0.357    -.0333044    .0120046
                          |
                  1.woman |  -.0615495   .0476902    -1.29   0.197    -.1550356    .0319365
                          |
            postctc#woman |
                     1 1  |  -.0071761   .0070482    -1.02   0.309    -.0209925    .0066402
                          |
        hasyoungkid#woman |
                     1 1  |   .0427842   .0587829     0.73   0.467    -.0724467     .158015
                          |
postctc#hasyoungkid#woman |
                   1 1 1  |   .0180413   .0162713     1.11   0.268     -.013855    .0499376
                          |
                    _cons |   .9085903   .0246364    36.88   0.000      .860296    .9568845
--------------------------+----------------------------------------------------------------
                  sigma_u |  .31445011
                  sigma_e |  .15840638
                      rho |  .79759388   (fraction of variance due to u_i)
-------------------------------------------------------------------------------------------
F test that all u_i=0: F(2792, 7578) = 14.13                 Prob > F = 0.0000

. 
end of do-file

. log close
      name:  <unnamed>
       log:  C:\Users\c1mep01\OneDrive - FR Banks\madison_cps\do\ctc_and_lfpr\panel_regresults
> _2.log
  log type:  text
 closed on:   3 Apr 2023, 17:28:06
----------------------------------------------------------------------------------------------
