----------------------------------------------------------------------------------------------------------
      name:  <unnamed>
       log:  C:\Users\c1mep01\OneDrive - FR Banks\madison_cps\do\ctc_and_lfpr\panel_results_3.log
  log type:  text
 opened on:   5 Apr 2023, 18:05:05

. do "C:\Users\c1mep01\AppData\Local\Temp\STD85dc_000000.tmp"

. 
. * consolidate hefaminc into 5 categories
. recode hefaminc (1/7 = 1) (8/11 = 2) (12/14 = 3) (15 = 4) (16/. = 5), generate(income_cat)
(63310 differences between hefaminc and income_cat)

. 
end of do-file

. do "C:\Users\c1mep01\AppData\Local\Temp\STD85dc_000000.tmp"

. 
. 
. xtreg LF postctc##haskid##income_cat, fe 

Fixed-effects (within) regression               Number of obs     =     64,265
Group variable: panelid                         Number of groups  =     19,538

R-squared:                                      Obs per group:
     Within  = 0.0017                                         min =          1
     Between = 0.0513                                         avg =        3.3
     Overall = 0.0461                                         max =          4

                                                F(19,44708)       =       4.05
corr(u_i, Xb) = 0.1292                          Prob > F          =     0.0000

-------------------------------------------------------------------------------------------
                       LF | Coefficient  Std. err.      t    P>|t|     [95% conf. interval]
--------------------------+----------------------------------------------------------------
                1.postctc |  -.0090404   .0054803    -1.65   0.099    -.0197818    .0017011
                 1.haskid |  -.0276328   .0223994    -1.23   0.217    -.0715361    .0162705
                          |
           postctc#haskid |
                     1 1  |   .0220452   .0091837     2.40   0.016      .004045    .0400455
                          |
               income_cat |
                       2  |   .0426683   .0192481     2.22   0.027     .0049416     .080395
                       3  |   .0999855    .019044     5.25   0.000      .062659    .1373121
                       4  |   .1129137   .0238276     4.74   0.000     .0662112    .1596161
                       5  |   .1139277   .0253418     4.50   0.000     .0642573     .163598
                          |
       postctc#income_cat |
                     1 2  |   .0084613   .0070444     1.20   0.230    -.0053459    .0222684
                     1 3  |   .0062464   .0064912     0.96   0.336    -.0064765    .0189694
                     1 4  |   .0048806   .0073006     0.67   0.504    -.0094287    .0191899
                     1 5  |  -.0015525   .0073425    -0.21   0.833     -.015944    .0128389
                          |
        haskid#income_cat |
                     1 2  |  -.0034767   .0270598    -0.13   0.898    -.0565144    .0495611
                     1 3  |  -.0260853   .0260431    -1.00   0.317    -.0771302    .0249597
                     1 4  |  -.0388079   .0297107    -1.31   0.191    -.0970413    .0194255
                     1 5  |  -.0133643    .029687    -0.45   0.653    -.0715514    .0448228
                          |
postctc#haskid#income_cat |
                   1 1 2  |  -.0284573   .0116626    -2.44   0.015    -.0513162   -.0055984
                   1 1 3  |  -.0278051   .0106854    -2.60   0.009    -.0487486   -.0068617
                   1 1 4  |  -.0088936   .0117618    -0.76   0.450    -.0319469    .0141598
                   1 1 5  |  -.0179498   .0116447    -1.54   0.123    -.0407737     .004874
                          |
                    _cons |   .6929112   .0156492    44.28   0.000     .6622385    .7235839
--------------------------+----------------------------------------------------------------
                  sigma_u |  .39976372
                  sigma_e |  .18205369
                      rho |  .82823136   (fraction of variance due to u_i)
-------------------------------------------------------------------------------------------
F test that all u_i=0: F(19537, 44708) = 14.99               Prob > F = 0.0000

. 
. xtreg LF postctc##hasyoungkid##income_cat, fe

Fixed-effects (within) regression               Number of obs     =     64,265
Group variable: panelid                         Number of groups  =     19,538

R-squared:                                      Obs per group:
     Within  = 0.0014                                         min =          1
     Between = 0.0575                                         avg =        3.3
     Overall = 0.0532                                         max =          4

                                                F(19,44708)       =       3.26
corr(u_i, Xb) = 0.1558                          Prob > F          =     0.0000

------------------------------------------------------------------------------------------------
                            LF | Coefficient  Std. err.      t    P>|t|     [95% conf. interval]
-------------------------------+----------------------------------------------------------------
                     1.postctc |   -.002856   .0048218    -0.59   0.554    -.0123068    .0065949
                 1.hasyoungkid |   .0181122   .0280912     0.64   0.519    -.0369471    .0731715
                               |
           postctc#hasyoungkid |
                          1 1  |   .0090203   .0116134     0.78   0.437    -.0137422    .0317828
                               |
                    income_cat |
                            2  |   .0458872   .0173653     2.64   0.008     .0118509    .0799234
                            3  |    .100451   .0174201     5.77   0.000     .0663072    .1345947
                            4  |   .1019759   .0216377     4.71   0.000     .0595656    .1443863
                            5  |   .1214708     .02357     5.15   0.000     .0752733    .1676684
                               |
            postctc#income_cat |
                          1 2  |  -.0008835   .0061516    -0.14   0.886    -.0129407    .0111737
                          1 3  |  -.0016922   .0056544    -0.30   0.765    -.0127749    .0093905
                          1 4  |    .001736   .0062851     0.28   0.782     -.010583    .0140549
                          1 5  |  -.0068357   .0062254    -1.10   0.272    -.0190376    .0053662
                               |
        hasyoungkid#income_cat |
                          1 2  |  -.0249756   .0338724    -0.74   0.461    -.0913661    .0414149
                          1 3  |  -.0666166   .0337505    -1.97   0.048    -.1327682    -.000465
                          1 4  |  -.0404657   .0377684    -1.07   0.284    -.1144923     .033561
                          1 5  |   -.077189   .0391269    -1.97   0.049    -.1538783   -.0004996
                               |
postctc#hasyoungkid#income_cat |
                        1 1 2  |  -.0050397   .0149532    -0.34   0.736    -.0343484    .0242689
                        1 1 3  |  -.0116771    .013581    -0.86   0.390    -.0382961    .0149419
                        1 1 4  |   .0058642    .014844     0.40   0.693    -.0232303    .0349587
                        1 1 5  |  -.0032164   .0148136    -0.22   0.828    -.0322512    .0258184
                               |
                         _cons |   .6789676   .0142886    47.52   0.000     .6509618    .7069735
-------------------------------+----------------------------------------------------------------
                       sigma_u |  .39972234
                       sigma_e |  .18208447
                           rho |  .82815379   (fraction of variance due to u_i)
------------------------------------------------------------------------------------------------
F test that all u_i=0: F(19537, 44708) = 14.99               Prob > F = 0.0000

. 
. xtreg LF postctc##haskid##woman##income_cat, fe 

Fixed-effects (within) regression               Number of obs     =     64,265
Group variable: panelid                         Number of groups  =     19,538

R-squared:                                      Obs per group:
     Within  = 0.0026                                         min =          1
     Between = 0.0573                                         avg =        3.3
     Overall = 0.0519                                         max =          4

                                                F(39,44688)       =       3.01
corr(u_i, Xb) = 0.0974                          Prob > F          =     0.0000

-------------------------------------------------------------------------------------------------
                             LF | Coefficient  Std. err.      t    P>|t|     [95% conf. interval]
--------------------------------+----------------------------------------------------------------
                      1.postctc |   -.002368   .0077197    -0.31   0.759    -.0174988    .0127628
                       1.haskid |  -.0189262   .0316544    -0.60   0.550    -.0809694     .043117
                                |
                 postctc#haskid |
                           1 1  |   .0054928   .0142116     0.39   0.699    -.0223622    .0333479
                                |
                        1.woman |  -.0270463   .0386564    -0.70   0.484    -.1028135    .0487209
                                |
                  postctc#woman |
                           1 1  |   -.013497   .0109709    -1.23   0.219        -.035    .0080061
                                |
                   haskid#woman |
                           1 1  |   -.012716   .0444471    -0.29   0.775     -.099833     .074401
                                |
           postctc#haskid#woman |
                         1 1 1  |   .0292098   .0187221     1.56   0.119    -.0074858    .0659054
                                |
                     income_cat |
                             2  |   .0738583   .0269873     2.74   0.006     .0209628    .1267538
                             3  |    .128646     .02571     5.00   0.000     .0782539    .1790382
                             4  |   .1096912   .0331647     3.31   0.001     .0446877    .1746946
                             5  |   .1158816   .0358856     3.23   0.001     .0455452     .186218
                                |
             postctc#income_cat |
                           1 2  |  -.0032254   .0098574    -0.33   0.744     -.022546    .0160953
                           1 3  |   .0021799    .009161     0.24   0.812    -.0157758    .0201355
                           1 4  |  -.0003614   .0102493    -0.04   0.972    -.0204503    .0197274
                           1 5  |  -.0031381   .0103897    -0.30   0.763    -.0235022    .0172259
                                |
              haskid#income_cat |
                           1 2  |   .0067606   .0396643     0.17   0.865    -.0709821    .0845033
                           1 3  |  -.0398104   .0363789    -1.09   0.274    -.1111136    .0314928
                           1 4  |   .0046749   .0413825     0.11   0.910    -.0764356    .0857854
                           1 5  |    .024108   .0422069     0.57   0.568    -.0586181    .1068342
                                |
      postctc#haskid#income_cat |
                         1 1 2  |  -.0035485    .017752    -0.20   0.842    -.0383428    .0312458
                         1 1 3  |  -.0100215   .0162245    -0.62   0.537    -.0418219    .0217788
                         1 1 4  |   .0047779   .0176112     0.27   0.786    -.0297404    .0392963
                         1 1 5  |   .0061954   .0175061     0.35   0.723    -.0281169    .0405077
                                |
               woman#income_cat |
                           1 2  |  -.0644242   .0370587    -1.74   0.082      -.13706    .0082116
                           1 3  |  -.0581425   .0370243    -1.57   0.116    -.1307108    .0144259
                           1 4  |   .0095169   .0455057     0.21   0.834    -.0796751    .0987088
                           1 5  |  -.0056033   .0489459    -0.11   0.909    -.1015382    .0903315
                                |
       postctc#woman#income_cat |
                         1 1 2  |   .0238619   .0141014     1.69   0.091    -.0037771     .051501
                         1 1 3  |   .0083004   .0129918     0.64   0.523    -.0171638    .0337646
                         1 1 4  |   .0108122   .0146146     0.74   0.459    -.0178326     .039457
                         1 1 5  |   .0035769   .0146901     0.24   0.808    -.0252159    .0323696
                                |
        haskid#woman#income_cat |
                         1 1 2  |  -.0128374   .0539245    -0.24   0.812    -.1185303    .0928555
                         1 1 3  |   .0223483   .0518295     0.43   0.666    -.0792385     .123935
                         1 1 4  |  -.0959398   .0582084    -1.65   0.099    -.2100292    .0181496
                         1 1 5  |  -.0775862   .0585946    -1.32   0.185    -.1924326    .0372602
                                |
postctc#haskid#woman#income_cat |
                       1 1 1 2  |  -.0452233   .0236725    -1.91   0.056    -.0916218    .0011753
                       1 1 1 3  |  -.0313875   .0216808    -1.45   0.148    -.0738822    .0111072
                       1 1 1 4  |  -.0237344   .0238106    -1.00   0.319    -.0704037    .0229348
                       1 1 1 5  |  -.0443997   .0235739    -1.88   0.060     -.090605    .0018056
                                |
                          _cons |   .7071593   .0246635    28.67   0.000     .6588185    .7555002
--------------------------------+----------------------------------------------------------------
                        sigma_u |  .39706341
                        sigma_e |  .18201207
                            rho |  .82635994   (fraction of variance due to u_i)
-------------------------------------------------------------------------------------------------
F test that all u_i=0: F(19537, 44688) = 14.72               Prob > F = 0.0000

. 
. xtreg LF postctc##hasyoungkid##woman##income_cat, fe

Fixed-effects (within) regression               Number of obs     =     64,265
Group variable: panelid                         Number of groups  =     19,538

R-squared:                                      Obs per group:
     Within  = 0.0020                                         min =          1
     Between = 0.0641                                         avg =        3.3
     Overall = 0.0594                                         max =          4

                                                F(39,44688)       =       2.35
corr(u_i, Xb) = 0.1194                          Prob > F          =     0.0000

------------------------------------------------------------------------------------------------------
                                  LF | Coefficient  Std. err.      t    P>|t|     [95% conf. interval]
-------------------------------------+----------------------------------------------------------------
                           1.postctc |   -.000569   .0069811    -0.08   0.935    -.0142522    .0131141
                       1.hasyoungkid |   .0413661    .043549     0.95   0.342    -.0439907     .126723
                                     |
                 postctc#hasyoungkid |
                                1 1  |  -.0021554   .0184335    -0.12   0.907    -.0382853    .0339744
                                     |
                             1.woman |  -.0357153   .0367685    -0.97   0.331    -.1077821    .0363515
                                     |
                       postctc#woman |
                                1 1  |  -.0044794   .0096611    -0.46   0.643    -.0234152    .0144564
                                     |
                   hasyoungkid#woman |
                                1 1  |  -.0381273   .0569252    -0.67   0.503    -.1497016    .0734471
                                     |
           postctc#hasyoungkid#woman |
                              1 1 1  |   .0185304   .0237804     0.78   0.436    -.0280795    .0651403
                                     |
                          income_cat |
                                  2  |   .0801537   .0244071     3.28   0.001     .0323154     .127992
                                  3  |   .1233583   .0237949     5.18   0.000     .0767199    .1699967
                                  4  |   .1188451   .0299994     3.96   0.000     .0600458    .1776443
                                  5  |   .1345527     .03319     4.05   0.000     .0694996    .1996057
                                     |
                  postctc#income_cat |
                                1 2  |  -.0059613   .0088397    -0.67   0.500    -.0232874    .0113647
                                1 3  |   .0004839   .0081484     0.06   0.953     -.015487    .0164549
                                1 4  |   .0015941   .0089854     0.18   0.859    -.0160175    .0192056
                                1 5  |   .0008292   .0089587     0.09   0.926      -.01673    .0183884
                                     |
              hasyoungkid#income_cat |
                                1 2  |  -.0172791   .0520751    -0.33   0.740    -.1193472     .084789
                                1 3  |  -.0737164   .0511243    -1.44   0.149    -.1739209     .026488
                                1 4  |  -.0423765   .0560744    -0.76   0.450    -.1522833    .0675304
                                1 5  |  -.0623425   .0588926    -1.06   0.290     -.177773    .0530881
                                     |
      postctc#hasyoungkid#income_cat |
                              1 1 2  |   .0131185   .0233542     0.56   0.574    -.0326561    .0588932
                              1 1 3  |  -.0076275   .0210451    -0.36   0.717    -.0488763    .0336212
                              1 1 4  |   .0060943    .022703     0.27   0.788    -.0384039    .0505925
                              1 1 5  |   .0000895   .0226494     0.00   0.997    -.0443038    .0444827
                                     |
                    woman#income_cat |
                                1 2  |  -.0655662   .0336138    -1.95   0.051    -.1314498    .0003175
                                1 3  |  -.0466191   .0339314    -1.37   0.169    -.1131252     .019887
                                1 4  |  -.0297385   .0408303    -0.73   0.466    -.1097666    .0502895
                                1 5  |  -.0272199   .0449561    -0.61   0.545    -.1153347    .0608949
                                     |
            postctc#woman#income_cat |
                              1 1 2  |   .0100101   .0123182     0.81   0.416    -.0141338     .034154
                              1 1 3  |  -.0042558   .0113239    -0.38   0.707    -.0264509    .0179393
                              1 1 4  |   .0002057   .0125892     0.02   0.987    -.0244693    .0248807
                              1 1 5  |   -.015087   .0124634    -1.21   0.226    -.0395154    .0093414
                                     |
        hasyoungkid#woman#income_cat |
                              1 1 2  |  -.0129822   .0684372    -0.19   0.850    -.1471202    .1211558
                              1 1 3  |   .0079077   .0677858     0.12   0.907    -.1249536     .140769
                              1 1 4  |  -.0058764   .0759241    -0.08   0.938    -.1546889    .1429361
                              1 1 5  |  -.0371591   .0781191    -0.48   0.634    -.1902738    .1159556
                                     |
postctc#hasyoungkid#woman#income_cat |
                            1 1 1 2  |  -.0313484   .0304668    -1.03   0.304    -.0910639    .0283672
                            1 1 1 3  |  -.0050523   .0276451    -0.18   0.855    -.0592371    .0491325
                            1 1 1 4  |   .0026829   .0301309     0.09   0.929    -.0563742    .0617401
                            1 1 1 5  |  -.0031272   .0300665    -0.10   0.917    -.0620582    .0558037
                                     |
                               _cons |   .6971238   .0233522    29.85   0.000     .6513531    .7428944
-------------------------------------+----------------------------------------------------------------
                             sigma_u |  .39639309
                             sigma_e |  .18206472
                                 rho |  .82579133   (fraction of variance due to u_i)
------------------------------------------------------------------------------------------------------
F test that all u_i=0: F(19537, 44688) = 14.64               Prob > F = 0.0000

. 
end of do-file

. log close
      name:  <unnamed>
       log:  C:\Users\c1mep01\OneDrive - FR Banks\madison_cps\do\ctc_and_lfpr\panel_results_3.log
  log type:  text
 closed on:   5 Apr 2023, 18:05:35
----------------------------------------------------------------------------------------------------------
